<?xml version="1.0" encoding="UTF-8"?>
<testsuite name="SILab2Test" tests="2" skipped="0" failures="0" errors="0" timestamp="2020-06-10T14:34:06" hostname="LAPTOP-0R79K14R" time="0.017">
  <properties/>
  <testcase name="EveryBranch()" classname="SILab2Test" time="0.016"/>
  <testcase name="MultipleConditions()" classname="SILab2Test" time="0.0"/>
  <system-out><![CDATA[]]></system-out>
  <system-err><![CDATA[]]></system-err>
</testsuite>
